<?xml version="1.0" encoding="UTF-8"?>
<testng-results ignored="0" total="1" passed="1" failed="0" skipped="0">
  <reporter-output>
  </reporter-output>
  <suite started-at="2019-09-14T17:00:07 EAT" name="Default suite" finished-at="2019-09-14T17:00:29 EAT" duration-ms="21937">
    <groups>
    </groups>
    <test started-at="2019-09-14T17:00:07 EAT" name="Default test" finished-at="2019-09-14T17:00:29 EAT" duration-ms="21937">
      <class name="com.freecrm.testcases.LoginPageTest">
        <test-method is-config="true" signature="setup()[pri:0, instance:com.freecrm.testcases.LoginPageTest@3b07a0d6]" started-at="2019-09-14T17:00:07 EAT" name="setup" finished-at="2019-09-14T17:00:28 EAT" duration-ms="21256" status="PASS">
          <reporter-output>
          </reporter-output>
        </test-method> <!-- setup -->
        <test-method signature="loginPageTitleTest()[pri:0, instance:com.freecrm.testcases.LoginPageTest@3b07a0d6]" started-at="2019-09-14T17:00:28 EAT" name="loginPageTitleTest" finished-at="2019-09-14T17:00:28 EAT" duration-ms="11" status="PASS">
          <reporter-output>
          </reporter-output>
        </test-method> <!-- loginPageTitleTest -->
        <test-method is-config="true" signature="tearDown()[pri:0, instance:com.freecrm.testcases.LoginPageTest@3b07a0d6]" started-at="2019-09-14T17:00:28 EAT" name="tearDown" finished-at="2019-09-14T17:00:29 EAT" duration-ms="630" status="PASS">
          <reporter-output>
          </reporter-output>
        </test-method> <!-- tearDown -->
      </class> <!-- com.freecrm.testcases.LoginPageTest -->
    </test> <!-- Default test -->
  </suite> <!-- Default suite -->
</testng-results>
